<?xml version="1.0" encoding="UTF-8"?>
<testng-results ignored="0" total="1" passed="1" failed="0" skipped="0">
  <reporter-output>
  </reporter-output>
  <suite started-at="2024-12-11T13:13:48 IST" name="Default suite" finished-at="2024-12-11T13:14:09 IST" duration-ms="20463">
    <groups>
    </groups>
    <test started-at="2024-12-11T13:13:48 IST" name="Default test" finished-at="2024-12-11T13:14:09 IST" duration-ms="20463">
      <class name="seleniumprojectnew.nothing">
        <test-method is-config="true" signature="edge()[pri:0, instance:seleniumprojectnew.nothing@740cae06]" started-at="2024-12-11T13:13:48 IST" name="edge" finished-at="2024-12-11T13:13:57 IST" duration-ms="9123" status="PASS">
          <reporter-output>
          </reporter-output>
        </test-method> <!-- edge -->
        <test-method signature="edge1()[pri:0, instance:seleniumprojectnew.nothing@740cae06]" started-at="2024-12-11T13:13:58 IST" name="edge1" finished-at="2024-12-11T13:14:09 IST" duration-ms="10851" status="PASS">
          <reporter-output>
          </reporter-output>
        </test-method> <!-- edge1 -->
      </class> <!-- seleniumprojectnew.nothing -->
    </test> <!-- Default test -->
  </suite> <!-- Default suite -->
</testng-results>
